# JRE version: OpenJDK Runtime Environment Temurin-17.0.1+12 (17.0.1+12) (build 17.0.1+12)
# Java VM: OpenJDK 64-Bit Server VM Temurin-17.0.1+12 (17.0.1+12, mixed mode, tiered, compressed oops, compressed class ptrs, g1 gc, linux-amd64)
GC Precious Log:
 CPUs: 8 total, 8 available
 Memory: 7819M
 Large Page Support: Disabled
 NUMA Support: Disabled
 Compressed Oops: Enabled (32-bit)
 Heap Region Size: 1M
 Heap Min Capacity: 8M
 Heap Initial Capacity: 124M
 Heap Max Capacity: 1956M
 Pre-touch: Disabled
 Parallel Workers: 8
 Concurrent Workers: 2
 Concurrent Refinement Workers: 8
 Periodic GC: Disabled
Heap:
 garbage-first heap   total 172032K, used 132000K [0x0000000085c00000, 0x0000000100000000)
  region size 1024K, 62 young (63488K), 1 survivors (1024K)
 Metaspace       used 117542K, committed 119104K, reserved 1155072K
  class space    used 13692K, committed 14464K, reserved 1048576K
GC Heap History (20 events):
Event: 11497.707 GC heap after
{Heap after GC invocations=199 (full 21):
 garbage-first heap   total 172032K, used 70284K [0x0000000085c00000, 0x0000000100000000)
  region size 1024K, 2 young (2048K), 2 survivors (2048K)
 Metaspace       used 117095K, committed 118528K, reserved 1155072K
  class space    used 13646K, committed 14336K, reserved 1048576K
}
Event: 11585.528 GC heap before
{Heap before GC invocations=199 (full 21):
 garbage-first heap   total 172032K, used 145036K [0x0000000085c00000, 0x0000000100000000)
  region size 1024K, 75 young (76800K), 2 survivors (2048K)
 Metaspace       used 117174K, committed 118656K, reserved 1155072K
  class space    used 13660K, committed 14400K, reserved 1048576K
}
Event: 11585.529 GC heap after
{Heap after GC invocations=200 (full 21):
 garbage-first heap   total 172032K, used 70135K [0x0000000085c00000, 0x0000000100000000)
  region size 1024K, 2 young (2048K), 2 survivors (2048K)
 Metaspace       used 117174K, committed 118656K, reserved 1155072K
  class space    used 13660K, committed 14400K, reserved 1048576K
}
Event: 11675.812 GC heap before
{Heap before GC invocations=200 (full 21):
 garbage-first heap   total 172032K, used 145911K [0x0000000085c00000, 0x0000000100000000)
  region size 1024K, 76 young (77824K), 2 survivors (2048K)
 Metaspace       used 117174K, committed 118656K, reserved 1155072K
  class space    used 13660K, committed 14400K, reserved 1048576K
}
Event: 11675.818 GC heap after
{Heap after GC invocations=201 (full 21):
 garbage-first heap   total 172032K, used 69983K [0x0000000085c00000, 0x0000000100000000)
  region size 1024K, 1 young (1024K), 1 survivors (1024K)
 Metaspace       used 117174K, committed 118656K, reserved 1155072K
  class space    used 13660K, committed 14400K, reserved 1048576K
}
Event: 11768.433 GC heap before
{Heap before GC invocations=201 (full 21):
 garbage-first heap   total 172032K, used 147807K [0x0000000085c00000, 0x0000000100000000)
  region size 1024K, 77 young (78848K), 1 survivors (1024K)
 Metaspace       used 117174K, committed 118656K, reserved 1155072K
  class space    used 13660K, committed 14400K, reserved 1048576K
}
Event: 11768.437 GC heap after
{Heap after GC invocations=202 (full 21):
 garbage-first heap   total 172032K, used 70218K [0x0000000085c00000, 0x0000000100000000)
  region size 1024K, 2 young (2048K), 2 survivors (2048K)
 Metaspace       used 117174K, committed 118656K, reserved 1155072K
  class space    used 13660K, committed 14400K, reserved 1048576K
}
Event: 11860.653 GC heap before
{Heap before GC invocations=202 (full 21):
 garbage-first heap   total 172032K, used 147018K [0x0000000085c00000, 0x0000000100000000)
  region size 1024K, 77 young (78848K), 2 survivors (2048K)
 Metaspace       used 117174K, committed 118656K, reserved 1155072K
  class space    used 13660K, committed 14400K, reserved 1048576K
}
Event: 11860.658 GC heap after
{Heap after GC invocations=203 (full 21):
 garbage-first heap   total 172032K, used 70067K [0x0000000085c00000, 0x0000000100000000)
  region size 1024K, 1 young (1024K), 1 survivors (1024K)
 Metaspace       used 117174K, committed 118656K, reserved 1155072K
  class space    used 13660K, committed 14400K, reserved 1048576K
}
Event: 11955.127 GC heap before
{Heap before GC invocations=203 (full 21):
 garbage-first heap   total 172032K, used 148915K [0x0000000085c00000, 0x0000000100000000)
  region size 1024K, 78 young (79872K), 1 survivors (1024K)
 Metaspace       used 117174K, committed 118656K, reserved 1155072K
  class space    used 13660K, committed 14400K, reserved 1048576K
}
Event: 11955.132 GC heap after
{Heap after GC invocations=204 (full 21):
 garbage-first heap   total 172032K, used 69941K [0x0000000085c00000, 0x0000000100000000)
  region size 1024K, 1 young (1024K), 1 survivors (1024K)
 Metaspace       used 117174K, committed 118656K, reserved 1155072K
  class space    used 13660K, committed 14400K, reserved 1048576K
}
Event: 12049.011 GC heap before
{Heap before GC invocations=204 (full 21):
 garbage-first heap   total 172032K, used 148789K [0x0000000085c00000, 0x0000000100000000)
  region size 1024K, 78 young (79872K), 1 survivors (1024K)
 Metaspace       used 117174K, committed 118656K, reserved 1155072K
  class space    used 13660K, committed 14400K, reserved 1048576K
}
Event: 12049.016 GC heap after
{Heap after GC invocations=205 (full 21):
 garbage-first heap   total 172032K, used 70183K [0x0000000085c00000, 0x0000000100000000)
  region size 1024K, 2 young (2048K), 2 survivors (2048K)
 Metaspace       used 117174K, committed 118656K, reserved 1155072K
  class space    used 13660K, committed 14400K, reserved 1048576K
}
Event: 12143.133 GC heap before
{Heap before GC invocations=205 (full 21):
 garbage-first heap   total 172032K, used 149031K [0x0000000085c00000, 0x0000000100000000)
  region size 1024K, 79 young (80896K), 2 survivors (2048K)
 Metaspace       used 117174K, committed 118656K, reserved 1155072K
  class space    used 13660K, committed 14400K, reserved 1048576K
}
Event: 12143.137 GC heap after
{Heap after GC invocations=206 (full 21):
 garbage-first heap   total 172032K, used 70075K [0x0000000085c00000, 0x0000000100000000)
  region size 1024K, 1 young (1024K), 1 survivors (1024K)
 Metaspace       used 117174K, committed 118656K, reserved 1155072K
  class space    used 13660K, committed 14400K, reserved 1048576K
}
Event: 12237.520 GC heap before
{Heap before GC invocations=206 (full 21):
 garbage-first heap   total 172032K, used 149947K [0x0000000085c00000, 0x0000000100000000)
  region size 1024K, 79 young (80896K), 1 survivors (1024K)
 Metaspace       used 117181K, committed 118656K, reserved 1155072K
  class space    used 13660K, committed 14400K, reserved 1048576K
}
Event: 12237.524 GC heap after
{Heap after GC invocations=207 (full 21):
 garbage-first heap   total 172032K, used 70153K [0x0000000085c00000, 0x0000000100000000)
  region size 1024K, 2 young (2048K), 2 survivors (2048K)
 Metaspace       used 117181K, committed 118656K, reserved 1155072K
  class space    used 13660K, committed 14400K, reserved 1048576K
}
Event: 12328.708 GC heap before
{Heap before GC invocations=207 (full 21):
 garbage-first heap   total 172032K, used 149001K [0x0000000085c00000, 0x0000000100000000)
  region size 1024K, 79 young (80896K), 2 survivors (2048K)
 Metaspace       used 117234K, committed 118720K, reserved 1155072K
  class space    used 13660K, committed 14400K, reserved 1048576K
}
Event: 12328.713 GC heap after
{Heap after GC invocations=208 (full 21):
 garbage-first heap   total 172032K, used 70054K [0x0000000085c00000, 0x0000000100000000)
  region size 1024K, 1 young (1024K), 1 survivors (1024K)
 Metaspace       used 117234K, committed 118720K, reserved 1155072K
  class space    used 13660K, committed 14400K, reserved 1048576K
}
Event: 12392.885 GC heap before
{Heap before GC invocations=208 (full 21):
 garbage-first heap   total 172032K, used 131494K [0x0000000085c00000, 0x0000000100000000)
  region size 1024K, 62 young (63488K), 1 survivors (1024K)
 Metaspace       used 117542K, committed 119104K, reserved 1155072K
  class space    used 13692K, committed 14464K, reserved 1048576K
}

